<?xml version="1.0" encoding="UTF-8"?>
<!-- Generated by org.testng.reporters.JUnitReportReporter -->
<testsuite hostname="DESKTOP-441JRQV" failures="0" tests="1" name="myOwnTests.banco.Tests.testsSaldo" time="80.939" errors="0" timestamp="15 fev 2021 22:08:55 GMT" skipped="0">
  <testcase classname="myOwnTests.banco.Tests.testsSaldo" name="testVerificarSaldoDasContas" time="80.939"/>
</testsuite> <!-- myOwnTests.banco.Tests.testsSaldo -->
