<?xml version="1.0" encoding="UTF-8"?>
<!-- Generated by org.testng.reporters.JUnitReportReporter -->
<testsuite skipped="0" hostname="DESKTOP-441JRQV" name="Podium.Tests.EnterpriseErrorsSimulationTest" tests="2" failures="0" timestamp="17 abr 2021 19:38:55 GMT" time="190.848" errors="0">
  <testcase name="mustDoValidEmailError" time="92.588" classname="Podium.Tests.EnterpriseErrorsSimulationTest"/>
  <testcase name="mustDoFieldRequiredError" time="98.260" classname="Podium.Tests.EnterpriseErrorsSimulationTest"/>
</testsuite> <!-- Podium.Tests.EnterpriseErrorsSimulationTest -->
