<?xml version="1.0" encoding="UTF-8"?>
<testsuite xmlns:xsi="http://www.w3.org/2001/XMLSchema-instance" xsi:noNamespaceSchemaLocation="https://maven.apache.org/surefire/maven-surefire-plugin/xsd/surefire-test-report-3.0.xsd" version="3.0" name="TestSuite" time="97.093" tests="16" errors="0" skipped="0" failures="16">
  <properties>
    <property name="sun.desktop" value="windows"/>
    <property name="awt.toolkit" value="sun.awt.windows.WToolkit"/>
    <property name="file.encoding.pkg" value="sun.io"/>
    <property name="java.specification.version" value="1.8"/>
    <property name="webdriver.chrome.driver" value="C:\Users\CJ\webdrivers\chromedriver.exe"/>
    <property name="sun.cpu.isalist" value="amd64"/>
    <property name="sun.jnu.encoding" value="Cp1252"/>
    <property name="java.class.path" value="C:\Users\CJ\Podium Test\Web Automation\target\test-classes;C:\Users\CJ\Podium Test\Web Automation\target\classes;C:\Users\CJ\.m2\repository\junit\junit\4.12\junit-4.12.jar;C:\Users\CJ\.m2\repository\org\hamcrest\hamcrest-core\1.3\hamcrest-core-1.3.jar;C:\Users\CJ\.m2\repository\org\seleniumhq\selenium\selenium-java\3.6.0\selenium-java-3.6.0.jar;C:\Users\CJ\.m2\repository\org\seleniumhq\selenium\selenium-api\3.6.0\selenium-api-3.6.0.jar;C:\Users\CJ\.m2\repository\org\seleniumhq\selenium\selenium-chrome-driver\3.6.0\selenium-chrome-driver-3.6.0.jar;C:\Users\CJ\.m2\repository\org\seleniumhq\selenium\selenium-edge-driver\3.6.0\selenium-edge-driver-3.6.0.jar;C:\Users\CJ\.m2\repository\org\seleniumhq\selenium\selenium-firefox-driver\3.6.0\selenium-firefox-driver-3.6.0.jar;C:\Users\CJ\.m2\repository\org\seleniumhq\selenium\selenium-ie-driver\3.6.0\selenium-ie-driver-3.6.0.jar;C:\Users\CJ\.m2\repository\org\seleniumhq\selenium\selenium-opera-driver\3.6.0\selenium-opera-driver-3.6.0.jar;C:\Users\CJ\.m2\repository\org\seleniumhq\selenium\selenium-remote-driver\3.6.0\selenium-remote-driver-3.6.0.jar;C:\Users\CJ\.m2\repository\org\seleniumhq\selenium\selenium-safari-driver\3.6.0\selenium-safari-driver-3.6.0.jar;C:\Users\CJ\.m2\repository\org\seleniumhq\selenium\selenium-support\3.6.0\selenium-support-3.6.0.jar;C:\Users\CJ\.m2\repository\net\bytebuddy\byte-buddy\1.7.5\byte-buddy-1.7.5.jar;C:\Users\CJ\.m2\repository\org\apache\commons\commons-exec\1.3\commons-exec-1.3.jar;C:\Users\CJ\.m2\repository\commons-codec\commons-codec\1.10\commons-codec-1.10.jar;C:\Users\CJ\.m2\repository\commons-logging\commons-logging\1.2\commons-logging-1.2.jar;C:\Users\CJ\.m2\repository\com\google\code\gson\gson\2.8.0\gson-2.8.0.jar;C:\Users\CJ\.m2\repository\com\google\guava\guava\23.0\guava-23.0.jar;C:\Users\CJ\.m2\repository\com\google\code\findbugs\jsr305\1.3.9\jsr305-1.3.9.jar;C:\Users\CJ\.m2\repository\com\google\errorprone\error_prone_annotations\2.0.18\error_prone_annotations-2.0.18.jar;C:\Users\CJ\.m2\repository\com\google\j2objc\j2objc-annotations\1.1\j2objc-annotations-1.1.jar;C:\Users\CJ\.m2\repository\org\codehaus\mojo\animal-sniffer-annotations\1.14\animal-sniffer-annotations-1.14.jar;C:\Users\CJ\.m2\repository\org\apache\httpcomponents\httpclient\4.5.3\httpclient-4.5.3.jar;C:\Users\CJ\.m2\repository\org\apache\httpcomponents\httpcore\4.4.6\httpcore-4.4.6.jar;C:\Users\CJ\.m2\repository\net\java\dev\jna\jna\4.1.0\jna-4.1.0.jar;C:\Users\CJ\.m2\repository\net\java\dev\jna\jna-platform\4.1.0\jna-platform-4.1.0.jar;C:\Users\CJ\.m2\repository\org\easetech\easytest-core\1.4.0\easytest-core-1.4.0.jar;C:\Users\CJ\.m2\repository\org\slf4j\slf4j-api\1.6.1\slf4j-api-1.6.1.jar;C:\Users\CJ\.m2\repository\log4j\log4j\1.2.15\log4j-1.2.15.jar;C:\Users\CJ\.m2\repository\org\slf4j\slf4j-log4j12\1.6.1\slf4j-log4j12-1.6.1.jar;C:\Users\CJ\.m2\repository\org\slf4j\jcl-over-slf4j\1.6.1\jcl-over-slf4j-1.6.1.jar;C:\Users\CJ\.m2\repository\net\sourceforge\javacsv\javacsv\2.0\javacsv-2.0.jar;C:\Users\CJ\.m2\repository\javax\xml\jsr173\1.0\jsr173-1.0.jar;C:\Users\CJ\.m2\repository\com\sun\xml\bind\jaxb-xjc\2.2.6\jaxb-xjc-2.2.6.jar;C:\Users\CJ\.m2\repository\javaee\javaee-api\5\javaee-api-5.jar;C:\Users\CJ\.m2\repository\org\apache\poi\poi\3.8\poi-3.8.jar;C:\Users\CJ\.m2\repository\org\apache\poi\poi-examples\3.8\poi-examples-3.8.jar;C:\Users\CJ\.m2\repository\org\apache\poi\poi-scratchpad\3.8\poi-scratchpad-3.8.jar;C:\Users\CJ\.m2\repository\org\apache\poi\poi-ooxml\3.8\poi-ooxml-3.8.jar;C:\Users\CJ\.m2\repository\org\apache\poi\poi-ooxml-schemas\3.8\poi-ooxml-schemas-3.8.jar;C:\Users\CJ\.m2\repository\org\apache\xmlbeans\xmlbeans\2.3.0\xmlbeans-2.3.0.jar;C:\Users\CJ\.m2\repository\stax\stax-api\1.0.1\stax-api-1.0.1.jar;C:\Users\CJ\.m2\repository\dom4j\dom4j\1.6.1\dom4j-1.6.1.jar;C:\Users\CJ\.m2\repository\org\jvnet\jaxb2_commons\jaxb2-basics-runtime\0.6.2\jaxb2-basics-runtime-0.6.2.jar;C:\Users\CJ\.m2\repository\cglib\cglib\2.2.2\cglib-2.2.2.jar;C:\Users\CJ\.m2\repository\asm\asm\3.3.1\asm-3.3.1.jar;C:\Users\CJ\.m2\repository\commons-lang\commons-lang\2.6\commons-lang-2.6.jar;C:\Users\CJ\.m2\repository\commons-io\commons-io\2.2\commons-io-2.2.jar;C:\Users\CJ\.m2\repository\jfree\jfreechart\1.0.13\jfreechart-1.0.13.jar;C:\Users\CJ\.m2\repository\jfree\jcommon\1.0.16\jcommon-1.0.16.jar;C:\Users\CJ\.m2\repository\net\sf\jasperreports\jasperreports-fonts\4.0.0\jasperreports-fonts-4.0.0.jar;C:\Users\CJ\.m2\repository\com\sun\xml\bind\jaxb-impl\2.2.6\jaxb-impl-2.2.6.jar;C:\Users\CJ\.m2\repository\javax\inject\javax.inject\1\javax.inject-1.jar;C:\Users\CJ\.m2\repository\org\codehaus\jackson\jackson-mapper-lgpl\1.9.11\jackson-mapper-lgpl-1.9.11.jar;C:\Users\CJ\.m2\repository\org\codehaus\jackson\jackson-core-lgpl\1.9.11\jackson-core-lgpl-1.9.11.jar;C:\Users\CJ\.m2\repository\net\sf\jasperreports\jasperreports\4.5.1\jasperreports-4.5.1.jar;C:\Users\CJ\.m2\repository\commons-beanutils\commons-beanutils\1.8.0\commons-beanutils-1.8.0.jar;C:\Users\CJ\.m2\repository\commons-collections\commons-collections\2.1\commons-collections-2.1.jar;C:\Users\CJ\.m2\repository\commons-digester\commons-digester\2.1\commons-digester-2.1.jar;C:\Users\CJ\.m2\repository\com\lowagie\itext\2.1.7\itext-2.1.7.jar;C:\Users\CJ\.m2\repository\bouncycastle\bcmail-jdk14\138\bcmail-jdk14-138.jar;C:\Users\CJ\.m2\repository\bouncycastle\bcprov-jdk14\138\bcprov-jdk14-138.jar;C:\Users\CJ\.m2\repository\org\bouncycastle\bctsp-jdk14\1.38\bctsp-jdk14-1.38.jar;C:\Users\CJ\.m2\repository\org\bouncycastle\bcprov-jdk14\1.38\bcprov-jdk14-1.38.jar;C:\Users\CJ\.m2\repository\org\bouncycastle\bcmail-jdk14\1.38\bcmail-jdk14-1.38.jar;C:\Users\CJ\.m2\repository\xml-apis\xml-apis\1.3.02\xml-apis-1.3.02.jar;C:\Users\CJ\.m2\repository\eclipse\jdtcore\3.1.0\jdtcore-3.1.0.jar;C:\Users\CJ\.m2\repository\org\codehaus\castor\castor\1.2\castor-1.2.jar;C:\Users\CJ\.m2\repository\org\testng\testng\6.14.3\testng-6.14.3.jar;C:\Users\CJ\.m2\repository\com\beust\jcommander\1.72\jcommander-1.72.jar;C:\Users\CJ\.m2\repository\org\apache-extras\beanshell\bsh\2.0b6\bsh-2.0b6.jar;"/>
    <property name="java.vm.vendor" value="Amazon.com Inc."/>
    <property name="sun.arch.data.model" value="64"/>
    <property name="user.variant" value=""/>
    <property name="java.vendor.url" value="https://aws.amazon.com/corretto/"/>
    <property name="user.timezone" value="America/Sao_Paulo"/>
    <property name="java.vm.specification.version" value="1.8"/>
    <property name="os.name" value="Windows 10"/>
    <property name="user.country" value="BR"/>
    <property name="sun.java.launcher" value="SUN_STANDARD"/>
    <property name="sun.boot.library.path" value="C:\Users\CJ\.jdks\corretto-1.8.0_282\jre\bin"/>
    <property name="sun.java.command" value="C:\Users\CJ\AppData\Local\Temp\surefire4005876633859175551\surefirebooter7590177204967567997.jar C:\Users\CJ\AppData\Local\Temp\surefire4005876633859175551 2021-03-25T18-53-21_293-jvmRun1 surefire5174285153839682113tmp surefire_01315436183002327409tmp"/>
    <property name="surefire.test.class.path" value="C:\Users\CJ\Podium Test\Web Automation\target\test-classes;C:\Users\CJ\Podium Test\Web Automation\target\classes;C:\Users\CJ\.m2\repository\junit\junit\4.12\junit-4.12.jar;C:\Users\CJ\.m2\repository\org\hamcrest\hamcrest-core\1.3\hamcrest-core-1.3.jar;C:\Users\CJ\.m2\repository\org\seleniumhq\selenium\selenium-java\3.6.0\selenium-java-3.6.0.jar;C:\Users\CJ\.m2\repository\org\seleniumhq\selenium\selenium-api\3.6.0\selenium-api-3.6.0.jar;C:\Users\CJ\.m2\repository\org\seleniumhq\selenium\selenium-chrome-driver\3.6.0\selenium-chrome-driver-3.6.0.jar;C:\Users\CJ\.m2\repository\org\seleniumhq\selenium\selenium-edge-driver\3.6.0\selenium-edge-driver-3.6.0.jar;C:\Users\CJ\.m2\repository\org\seleniumhq\selenium\selenium-firefox-driver\3.6.0\selenium-firefox-driver-3.6.0.jar;C:\Users\CJ\.m2\repository\org\seleniumhq\selenium\selenium-ie-driver\3.6.0\selenium-ie-driver-3.6.0.jar;C:\Users\CJ\.m2\repository\org\seleniumhq\selenium\selenium-opera-driver\3.6.0\selenium-opera-driver-3.6.0.jar;C:\Users\CJ\.m2\repository\org\seleniumhq\selenium\selenium-remote-driver\3.6.0\selenium-remote-driver-3.6.0.jar;C:\Users\CJ\.m2\repository\org\seleniumhq\selenium\selenium-safari-driver\3.6.0\selenium-safari-driver-3.6.0.jar;C:\Users\CJ\.m2\repository\org\seleniumhq\selenium\selenium-support\3.6.0\selenium-support-3.6.0.jar;C:\Users\CJ\.m2\repository\net\bytebuddy\byte-buddy\1.7.5\byte-buddy-1.7.5.jar;C:\Users\CJ\.m2\repository\org\apache\commons\commons-exec\1.3\commons-exec-1.3.jar;C:\Users\CJ\.m2\repository\commons-codec\commons-codec\1.10\commons-codec-1.10.jar;C:\Users\CJ\.m2\repository\commons-logging\commons-logging\1.2\commons-logging-1.2.jar;C:\Users\CJ\.m2\repository\com\google\code\gson\gson\2.8.0\gson-2.8.0.jar;C:\Users\CJ\.m2\repository\com\google\guava\guava\23.0\guava-23.0.jar;C:\Users\CJ\.m2\repository\com\google\code\findbugs\jsr305\1.3.9\jsr305-1.3.9.jar;C:\Users\CJ\.m2\repository\com\google\errorprone\error_prone_annotations\2.0.18\error_prone_annotations-2.0.18.jar;C:\Users\CJ\.m2\repository\com\google\j2objc\j2objc-annotations\1.1\j2objc-annotations-1.1.jar;C:\Users\CJ\.m2\repository\org\codehaus\mojo\animal-sniffer-annotations\1.14\animal-sniffer-annotations-1.14.jar;C:\Users\CJ\.m2\repository\org\apache\httpcomponents\httpclient\4.5.3\httpclient-4.5.3.jar;C:\Users\CJ\.m2\repository\org\apache\httpcomponents\httpcore\4.4.6\httpcore-4.4.6.jar;C:\Users\CJ\.m2\repository\net\java\dev\jna\jna\4.1.0\jna-4.1.0.jar;C:\Users\CJ\.m2\repository\net\java\dev\jna\jna-platform\4.1.0\jna-platform-4.1.0.jar;C:\Users\CJ\.m2\repository\org\easetech\easytest-core\1.4.0\easytest-core-1.4.0.jar;C:\Users\CJ\.m2\repository\org\slf4j\slf4j-api\1.6.1\slf4j-api-1.6.1.jar;C:\Users\CJ\.m2\repository\log4j\log4j\1.2.15\log4j-1.2.15.jar;C:\Users\CJ\.m2\repository\org\slf4j\slf4j-log4j12\1.6.1\slf4j-log4j12-1.6.1.jar;C:\Users\CJ\.m2\repository\org\slf4j\jcl-over-slf4j\1.6.1\jcl-over-slf4j-1.6.1.jar;C:\Users\CJ\.m2\repository\net\sourceforge\javacsv\javacsv\2.0\javacsv-2.0.jar;C:\Users\CJ\.m2\repository\javax\xml\jsr173\1.0\jsr173-1.0.jar;C:\Users\CJ\.m2\repository\com\sun\xml\bind\jaxb-xjc\2.2.6\jaxb-xjc-2.2.6.jar;C:\Users\CJ\.m2\repository\javaee\javaee-api\5\javaee-api-5.jar;C:\Users\CJ\.m2\repository\org\apache\poi\poi\3.8\poi-3.8.jar;C:\Users\CJ\.m2\repository\org\apache\poi\poi-examples\3.8\poi-examples-3.8.jar;C:\Users\CJ\.m2\repository\org\apache\poi\poi-scratchpad\3.8\poi-scratchpad-3.8.jar;C:\Users\CJ\.m2\repository\org\apache\poi\poi-ooxml\3.8\poi-ooxml-3.8.jar;C:\Users\CJ\.m2\repository\org\apache\poi\poi-ooxml-schemas\3.8\poi-ooxml-schemas-3.8.jar;C:\Users\CJ\.m2\repository\org\apache\xmlbeans\xmlbeans\2.3.0\xmlbeans-2.3.0.jar;C:\Users\CJ\.m2\repository\stax\stax-api\1.0.1\stax-api-1.0.1.jar;C:\Users\CJ\.m2\repository\dom4j\dom4j\1.6.1\dom4j-1.6.1.jar;C:\Users\CJ\.m2\repository\org\jvnet\jaxb2_commons\jaxb2-basics-runtime\0.6.2\jaxb2-basics-runtime-0.6.2.jar;C:\Users\CJ\.m2\repository\cglib\cglib\2.2.2\cglib-2.2.2.jar;C:\Users\CJ\.m2\repository\asm\asm\3.3.1\asm-3.3.1.jar;C:\Users\CJ\.m2\repository\commons-lang\commons-lang\2.6\commons-lang-2.6.jar;C:\Users\CJ\.m2\repository\commons-io\commons-io\2.2\commons-io-2.2.jar;C:\Users\CJ\.m2\repository\jfree\jfreechart\1.0.13\jfreechart-1.0.13.jar;C:\Users\CJ\.m2\repository\jfree\jcommon\1.0.16\jcommon-1.0.16.jar;C:\Users\CJ\.m2\repository\net\sf\jasperreports\jasperreports-fonts\4.0.0\jasperreports-fonts-4.0.0.jar;C:\Users\CJ\.m2\repository\com\sun\xml\bind\jaxb-impl\2.2.6\jaxb-impl-2.2.6.jar;C:\Users\CJ\.m2\repository\javax\inject\javax.inject\1\javax.inject-1.jar;C:\Users\CJ\.m2\repository\org\codehaus\jackson\jackson-mapper-lgpl\1.9.11\jackson-mapper-lgpl-1.9.11.jar;C:\Users\CJ\.m2\repository\org\codehaus\jackson\jackson-core-lgpl\1.9.11\jackson-core-lgpl-1.9.11.jar;C:\Users\CJ\.m2\repository\net\sf\jasperreports\jasperreports\4.5.1\jasperreports-4.5.1.jar;C:\Users\CJ\.m2\repository\commons-beanutils\commons-beanutils\1.8.0\commons-beanutils-1.8.0.jar;C:\Users\CJ\.m2\repository\commons-collections\commons-collections\2.1\commons-collections-2.1.jar;C:\Users\CJ\.m2\repository\commons-digester\commons-digester\2.1\commons-digester-2.1.jar;C:\Users\CJ\.m2\repository\com\lowagie\itext\2.1.7\itext-2.1.7.jar;C:\Users\CJ\.m2\repository\bouncycastle\bcmail-jdk14\138\bcmail-jdk14-138.jar;C:\Users\CJ\.m2\repository\bouncycastle\bcprov-jdk14\138\bcprov-jdk14-138.jar;C:\Users\CJ\.m2\repository\org\bouncycastle\bctsp-jdk14\1.38\bctsp-jdk14-1.38.jar;C:\Users\CJ\.m2\repository\org\bouncycastle\bcprov-jdk14\1.38\bcprov-jdk14-1.38.jar;C:\Users\CJ\.m2\repository\org\bouncycastle\bcmail-jdk14\1.38\bcmail-jdk14-1.38.jar;C:\Users\CJ\.m2\repository\xml-apis\xml-apis\1.3.02\xml-apis-1.3.02.jar;C:\Users\CJ\.m2\repository\eclipse\jdtcore\3.1.0\jdtcore-3.1.0.jar;C:\Users\CJ\.m2\repository\org\codehaus\castor\castor\1.2\castor-1.2.jar;C:\Users\CJ\.m2\repository\org\testng\testng\6.14.3\testng-6.14.3.jar;C:\Users\CJ\.m2\repository\com\beust\jcommander\1.72\jcommander-1.72.jar;C:\Users\CJ\.m2\repository\org\apache-extras\beanshell\bsh\2.0b6\bsh-2.0b6.jar;"/>
    <property name="sun.cpu.endian" value="little"/>
    <property name="user.home" value="C:\Users\CJ"/>
    <property name="user.language" value="pt"/>
    <property name="java.specification.vendor" value="Oracle Corporation"/>
    <property name="java.home" value="C:\Users\CJ\.jdks\corretto-1.8.0_282\jre"/>
    <property name="basedir" value="C:\Users\CJ\Podium Test\Web Automation"/>
    <property name="file.separator" value="\"/>
    <property name="line.separator" value="&#10;"/>
    <property name="java.vm.specification.vendor" value="Oracle Corporation"/>
    <property name="java.specification.name" value="Java Platform API Specification"/>
    <property name="java.awt.graphicsenv" value="sun.awt.Win32GraphicsEnvironment"/>
    <property name="surefire.real.class.path" value="C:\Users\CJ\AppData\Local\Temp\surefire4005876633859175551\surefirebooter7590177204967567997.jar"/>
    <property name="sun.boot.class.path" value="C:\Users\CJ\.jdks\corretto-1.8.0_282\jre\lib\resources.jar;C:\Users\CJ\.jdks\corretto-1.8.0_282\jre\lib\rt.jar;C:\Users\CJ\.jdks\corretto-1.8.0_282\jre\lib\sunrsasign.jar;C:\Users\CJ\.jdks\corretto-1.8.0_282\jre\lib\jsse.jar;C:\Users\CJ\.jdks\corretto-1.8.0_282\jre\lib\jce.jar;C:\Users\CJ\.jdks\corretto-1.8.0_282\jre\lib\charsets.jar;C:\Users\CJ\.jdks\corretto-1.8.0_282\jre\lib\jfr.jar;C:\Users\CJ\.jdks\corretto-1.8.0_282\jre\classes"/>
    <property name="user.script" value=""/>
    <property name="sun.management.compiler" value="HotSpot 64-Bit Tiered Compilers"/>
    <property name="java.runtime.version" value="1.8.0_282-b08"/>
    <property name="user.name" value="CJ"/>
    <property name="path.separator" value=";"/>
    <property name="os.version" value="10.0"/>
    <property name="java.endorsed.dirs" value="C:\Users\CJ\.jdks\corretto-1.8.0_282\jre\lib\endorsed"/>
    <property name="java.runtime.name" value="OpenJDK Runtime Environment"/>
    <property name="file.encoding" value="Cp1252"/>
    <property name="java.vm.name" value="OpenJDK 64-Bit Server VM"/>
    <property name="localRepository" value="C:\Users\CJ\.m2\repository"/>
    <property name="java.vendor.url.bug" value="https://github.com/corretto/corretto-8/issues/"/>
    <property name="java.io.tmpdir" value="C:\Users\CJ\AppData\Local\Temp\"/>
    <property name="java.version" value="1.8.0_282"/>
    <property name="user.dir" value="C:\Users\CJ\Podium Test\Web Automation"/>
    <property name="os.arch" value="amd64"/>
    <property name="java.vm.specification.name" value="Java Virtual Machine Specification"/>
    <property name="java.awt.printerjob" value="sun.awt.windows.WPrinterJob"/>
    <property name="sun.os.patch.level" value=""/>
    <property name="java.library.path" value="C:\Users\CJ\.jdks\corretto-1.8.0_282\jre\bin;C:\Windows\Sun\Java\bin;C:\Windows\system32;C:\Windows;c:\program files (x86)\common files\oracle\java\javapath;c:\windows\system32;c:\windows;c:\windows\system32\wbem;c:\windows\system32\windowspowershell\v1.0\;c:\windows\system32\openssh\;c:\program files\nvidia corporation\nvidia nvdlisr;c:\program files\java\jdk-11.0.7\bin;c:\program files\nodejs\;c:\tools\cmder\vendor\git-for-windows\bin;c:\tools\cmder\vendor\git-for-windows\usr\bin;c:\users\cj\appdata\local\android\sdk\platform-tools;c:\users\cj\appdata\local\android\sdk\tools;c:\users\cj\appdata\local\android\sdk\tools\bin;c:\users\cj\appdata\local\android\sdk\tools\lib;c:\program files\java\jre1.8.0_271\bin;C:\Program Files (x86)\NVIDIA Corporation\PhysX\Common;C:\Users\CJ\apache-maven-3.6.3-bin\apache-maven-3.6.3\bin;C:\Program Files (x86)\geckodriver-v0.29.0-win64;C:\Program Files\Git\cmd;C:\Users\CJ\WebDrivers1;C:\Users\CJ\apache-maven-3.6.3-bin\apache-maven-3.6.3\bin\bin;C:\Users\CJ\.jdks\corretto-1.8.0_282\bin;C:\Users\CJ\AppData\Local\Programs\Python\Python38-32\Scripts\;C:\Users\CJ\AppData\Local\Programs\Python\Python38-32\;C:\Users\CJ\AppData\Local\Microsoft\WindowsApps;C:\Users\CJ\AppData\Local\Programs\Microsoft VS Code\bin;C:\Program Files\JetBrains\IntelliJ IDEA 2020.2.3\bin;;C:\Users\CJ\AppData\Roaming\npm;C:\Program Files\JetBrains\IntelliJ IDEA Community Edition 2020.3.1\bin;;C:\Users\CJ\.jdks\corretto-1.8.0_282\bin;;."/>
    <property name="java.vm.info" value="mixed mode"/>
    <property name="java.vendor" value="Amazon.com Inc."/>
    <property name="java.vm.version" value="25.282-b08"/>
    <property name="java.ext.dirs" value="C:\Users\CJ\.jdks\corretto-1.8.0_282\jre\lib\ext;C:\Windows\Sun\Java\lib\ext"/>
    <property name="sun.io.unicode.encoding" value="UnicodeLittle"/>
    <property name="java.class.version" value="52.0"/>
  </properties>
  <testcase name="mustDoValidEmailError on mustDoValidEmailError(Podium.Tests.EnterpriseErrorsSimulationTest)" classname="Podium.Tests.EnterpriseErrorsSimulationTest" time="12.548">
    <failure message="expected:&lt;[ENTERPRISE]&gt; but was:&lt;[]&gt;" type="org.junit.ComparisonFailure"><![CDATA[org.junit.ComparisonFailure: expected:<[ENTERPRISE]> but was:<[]>
	at Podium.Tests.EnterpriseErrorsSimulationTest.mustGoToEnterprisePage(EnterpriseErrorsSimulationTest.java:21)
]]></failure>
    <system-err><![CDATA[Starting ChromeDriver 89.0.4389.23 (61b08ee2c50024bab004e48d2b1b083cdbdac579-refs/branch-heads/4389@{#294}) on port 35270
Only local connections are allowed.
Please see https://chromedriver.chromium.org/security-considerations for suggestions on keeping ChromeDriver safe.
ChromeDriver was started successfully.
log4j:WARN No appenders could be found for logger (org.apache.http.client.protocol.RequestAddCookies).
log4j:WARN Please initialize the log4j system properly.
mar 25, 2021 6:53:23 PM org.openqa.selenium.remote.ProtocolHandshake createSession
INFORMAÇÕES: Detected dialect: W3C
]]></system-err>
  </testcase>
  <testcase name="mustDoFieldRequiredError on mustDoFieldRequiredError(Podium.Tests.EnterpriseErrorsSimulationTest)" classname="Podium.Tests.EnterpriseErrorsSimulationTest" time="9.429">
    <failure message="expected:&lt;[ENTERPRISE]&gt; but was:&lt;[]&gt;" type="org.junit.ComparisonFailure"><![CDATA[org.junit.ComparisonFailure: expected:<[ENTERPRISE]> but was:<[]>
	at Podium.Tests.EnterpriseErrorsSimulationTest.mustGoToEnterprisePage(EnterpriseErrorsSimulationTest.java:21)
]]></failure>
  </testcase>
  <testcase name="mustFillPricingForms[0] on mustFillPricingForms[0](Podium.Tests.FillingFormsWithDDTTest)" classname="Podium.Tests.FillingFormsWithDDTTest" time="10.802">
    <failure message="expected:&lt;[CUSTOM PRICING]&gt; but was:&lt;[]&gt;" type="org.junit.ComparisonFailure"><![CDATA[org.junit.ComparisonFailure: expected:<[CUSTOM PRICING]> but was:<[]>
	at Podium.Tests.FillingFormsWithDDTTest.mustFillPricingForms(FillingFormsWithDDTTest.java:52)
]]></failure>
  </testcase>
  <testcase name="mustFillPricingForms[1] on mustFillPricingForms[1](Podium.Tests.FillingFormsWithDDTTest)" classname="Podium.Tests.FillingFormsWithDDTTest" time="8.496">
    <failure message="expected:&lt;[CUSTOM PRICING]&gt; but was:&lt;[]&gt;" type="org.junit.ComparisonFailure"><![CDATA[org.junit.ComparisonFailure: expected:<[CUSTOM PRICING]> but was:<[]>
	at Podium.Tests.FillingFormsWithDDTTest.mustFillPricingForms(FillingFormsWithDDTTest.java:52)
]]></failure>
  </testcase>
  <testcase name="mustFillPricingForms[2] on mustFillPricingForms[2](Podium.Tests.FillingFormsWithDDTTest)" classname="Podium.Tests.FillingFormsWithDDTTest" time="9.444">
    <failure message="expected:&lt;[CUSTOM PRICING]&gt; but was:&lt;[]&gt;" type="org.junit.ComparisonFailure"><![CDATA[org.junit.ComparisonFailure: expected:<[CUSTOM PRICING]> but was:<[]>
	at Podium.Tests.FillingFormsWithDDTTest.mustFillPricingForms(FillingFormsWithDDTTest.java:52)
]]></failure>
  </testcase>
  <testcase name="mustFillPricingForms[3] on mustFillPricingForms[3](Podium.Tests.FillingFormsWithDDTTest)" classname="Podium.Tests.FillingFormsWithDDTTest" time="8.563">
    <failure message="expected:&lt;[CUSTOM PRICING]&gt; but was:&lt;[]&gt;" type="org.junit.ComparisonFailure"><![CDATA[org.junit.ComparisonFailure: expected:<[CUSTOM PRICING]> but was:<[]>
	at Podium.Tests.FillingFormsWithDDTTest.mustFillPricingForms(FillingFormsWithDDTTest.java:52)
]]></failure>
  </testcase>
  <testcase name="mustFillPricingForms[4] on mustFillPricingForms[4](Podium.Tests.FillingFormsWithDDTTest)" classname="Podium.Tests.FillingFormsWithDDTTest" time="8.86">
    <failure message="expected:&lt;[CUSTOM PRICING]&gt; but was:&lt;[]&gt;" type="org.junit.ComparisonFailure"><![CDATA[org.junit.ComparisonFailure: expected:<[CUSTOM PRICING]> but was:<[]>
	at Podium.Tests.FillingFormsWithDDTTest.mustFillPricingForms(FillingFormsWithDDTTest.java:52)
]]></failure>
  </testcase>
  <testcase name="mustVerifyPaymentsPageTest on mustVerifyPaymentsPageTest(Podium.Tests.ProductsTest)" classname="Podium.Tests.ProductsTest" time="3.34">
    <failure message="expected:&lt;[Products]&gt; but was:&lt;[]&gt;" type="org.junit.ComparisonFailure"><![CDATA[org.junit.ComparisonFailure: expected:<[Products]> but was:<[]>
	at Podium.Tests.ProductsTest.productsStartingTest(ProductsTest.java:17)
]]></failure>
  </testcase>
  <testcase name="mustVerifyFeedbackPageTest on mustVerifyFeedbackPageTest(Podium.Tests.ProductsTest)" classname="Podium.Tests.ProductsTest" time="2.41">
    <failure message="expected:&lt;[Products]&gt; but was:&lt;[]&gt;" type="org.junit.ComparisonFailure"><![CDATA[org.junit.ComparisonFailure: expected:<[Products]> but was:<[]>
	at Podium.Tests.ProductsTest.productsStartingTest(ProductsTest.java:17)
]]></failure>
  </testcase>
  <testcase name="mustVerifyWebChatPageTest on mustVerifyWebChatPageTest(Podium.Tests.ProductsTest)" classname="Podium.Tests.ProductsTest" time="3.033">
    <failure message="expected:&lt;[Products]&gt; but was:&lt;[]&gt;" type="org.junit.ComparisonFailure"><![CDATA[org.junit.ComparisonFailure: expected:<[Products]> but was:<[]>
	at Podium.Tests.ProductsTest.productsStartingTest(ProductsTest.java:17)
]]></failure>
  </testcase>
  <testcase name="mustVerifyVideoChatPageTest on mustVerifyVideoChatPageTest(Podium.Tests.ProductsTest)" classname="Podium.Tests.ProductsTest" time="3.292">
    <failure message="expected:&lt;[Products]&gt; but was:&lt;[]&gt;" type="org.junit.ComparisonFailure"><![CDATA[org.junit.ComparisonFailure: expected:<[Products]> but was:<[]>
	at Podium.Tests.ProductsTest.productsStartingTest(ProductsTest.java:17)
]]></failure>
  </testcase>
  <testcase name="mustVerifyCampaignsPageTest on mustVerifyCampaignsPageTest(Podium.Tests.ProductsTest)" classname="Podium.Tests.ProductsTest" time="3.431">
    <failure message="expected:&lt;[Products]&gt; but was:&lt;[]&gt;" type="org.junit.ComparisonFailure"><![CDATA[org.junit.ComparisonFailure: expected:<[Products]> but was:<[]>
	at Podium.Tests.ProductsTest.productsStartingTest(ProductsTest.java:17)
]]></failure>
  </testcase>
  <testcase name="mustVerifyTeamChatPageTest on mustVerifyTeamChatPageTest(Podium.Tests.ProductsTest)" classname="Podium.Tests.ProductsTest" time="3.266">
    <failure message="expected:&lt;[Products]&gt; but was:&lt;[]&gt;" type="org.junit.ComparisonFailure"><![CDATA[org.junit.ComparisonFailure: expected:<[Products]> but was:<[]>
	at Podium.Tests.ProductsTest.productsStartingTest(ProductsTest.java:17)
]]></failure>
  </testcase>
  <testcase name="mustVerifyFreeVersionPageTest on mustVerifyFreeVersionPageTest(Podium.Tests.ProductsTest)" classname="Podium.Tests.ProductsTest" time="3.378">
    <failure message="expected:&lt;[Products]&gt; but was:&lt;[]&gt;" type="org.junit.ComparisonFailure"><![CDATA[org.junit.ComparisonFailure: expected:<[Products]> but was:<[]>
	at Podium.Tests.ProductsTest.productsStartingTest(ProductsTest.java:17)
]]></failure>
  </testcase>
  <testcase name="mustVerifyInboxPageTest on mustVerifyInboxPageTest(Podium.Tests.ProductsTest)" classname="Podium.Tests.ProductsTest" time="3.174">
    <failure message="expected:&lt;[Products]&gt; but was:&lt;[]&gt;" type="org.junit.ComparisonFailure"><![CDATA[org.junit.ComparisonFailure: expected:<[Products]> but was:<[]>
	at Podium.Tests.ProductsTest.productsStartingTest(ProductsTest.java:17)
]]></failure>
  </testcase>
  <testcase name="mustVerifyReviewsPageTest on mustVerifyReviewsPageTest(Podium.Tests.ProductsTest)" classname="Podium.Tests.ProductsTest" time="3.172">
    <failure message="expected:&lt;[Products]&gt; but was:&lt;[]&gt;" type="org.junit.ComparisonFailure"><![CDATA[org.junit.ComparisonFailure: expected:<[Products]> but was:<[]>
	at Podium.Tests.ProductsTest.productsStartingTest(ProductsTest.java:17)
]]></failure>
  </testcase>
</testsuite>