<?xml version="1.0" encoding="UTF-8"?>
<!-- Generated by org.testng.reporters.JUnitReportReporter -->
<testsuite skipped="0" hostname="DESKTOP-441JRQV" name="Podium.Tests.FillingFormsWithDDTTest" tests="5" failures="0" timestamp="22 mar 2021 02:41:24 GMT" time="98.640" errors="0">
  <testcase name="mustFillPricingForms[4]" time="32.220" classname="Podium.Tests.FillingFormsWithDDTTest"/>
  <testcase name="mustFillPricingForms[0]" time="7.144" classname="Podium.Tests.FillingFormsWithDDTTest"/>
  <testcase name="mustFillPricingForms[1]" time="13.679" classname="Podium.Tests.FillingFormsWithDDTTest"/>
  <testcase name="mustFillPricingForms[2]" time="19.867" classname="Podium.Tests.FillingFormsWithDDTTest"/>
  <testcase name="mustFillPricingForms[3]" time="25.730" classname="Podium.Tests.FillingFormsWithDDTTest"/>
</testsuite> <!-- Podium.Tests.FillingFormsWithDDTTest -->
