<?xml version="1.0" encoding="UTF-8"?>
<!-- Generated by org.testng.reporters.JUnitReportReporter -->
<testsuite skipped="0" hostname="DESKTOP-441JRQV" name="Podium.Tests.FillingFormsWithDDTTest" tests="5" failures="0" timestamp="22 mar 2021 03:22:56 GMT" time="124.082" errors="0">
  <testcase name="mustFillPricingForms[3]" time="33.030" classname="Podium.Tests.FillingFormsWithDDTTest"/>
  <testcase name="mustFillPricingForms[1]" time="16.899" classname="Podium.Tests.FillingFormsWithDDTTest"/>
  <testcase name="mustFillPricingForms[4]" time="39.100" classname="Podium.Tests.FillingFormsWithDDTTest"/>
  <testcase name="mustFillPricingForms[2]" time="26.085" classname="Podium.Tests.FillingFormsWithDDTTest"/>
  <testcase name="mustFillPricingForms[0]" time="8.968" classname="Podium.Tests.FillingFormsWithDDTTest"/>
</testsuite> <!-- Podium.Tests.FillingFormsWithDDTTest -->
