<?xml version="1.0" encoding="UTF-8"?>
<!-- Generated by org.testng.reporters.JUnitReportReporter -->
<testsuite skipped="0" hostname="DESKTOP-441JRQV" name="Podium.Tests.EnterpriseErrosSimulationTest" tests="2" failures="0" timestamp="22 mar 2021 03:22:56 GMT" time="32.446" errors="0">
  <testcase name="mustDoFieldRequiredError" time="19.499" classname="Podium.Tests.EnterpriseErrosSimulationTest"/>
  <testcase name="mustDoValidEmailError" time="12.947" classname="Podium.Tests.EnterpriseErrosSimulationTest"/>
</testsuite> <!-- Podium.Tests.EnterpriseErrosSimulationTest -->
