<?xml version="1.0" encoding="UTF-8"?>
<!-- Generated by org.testng.reporters.JUnitReportReporter -->
<testsuite skipped="0" hostname="DESKTOP-441JRQV" name="Podium.Tests.EnterpriseErrosSimulationTest" tests="2" failures="0" timestamp="22 mar 2021 02:41:24 GMT" time="31.895" errors="0">
  <testcase name="mustDoValidEmailError" time="12.458" classname="Podium.Tests.EnterpriseErrosSimulationTest"/>
  <testcase name="mustDoFieldRequiredError" time="19.437" classname="Podium.Tests.EnterpriseErrosSimulationTest"/>
</testsuite> <!-- Podium.Tests.EnterpriseErrosSimulationTest -->
